<testsuites id="" name="" tests="3" failures="0" skipped="0" errors="0" time="25.932236999999997">
<testsuite name="ajax_content_loading.spec.ts" timestamp="2024-11-10T20:57:39.376Z" hostname="Chromium" tests="1" failures="0" skipped="0" time="16.471" errors="0">
<testcase name="AJAX Content Loading › should load content asynchronously" classname="ajax_content_loading.spec.ts" time="16.471">
</testcase>
</testsuite>
<testsuite name="table_pagination_sorting.spec.ts" timestamp="2024-11-10T20:57:39.376Z" hostname="Chromium" tests="1" failures="0" skipped="0" time="0.734" errors="0">
<testcase name="Dynamic Table › should find and verify the CPU usage of Chrome" classname="table_pagination_sorting.spec.ts" time="0.734">
<system-out>
<![CDATA[CPU usage for Chrome in the table 2.8%
CPU usage for Chrome in the label 2.8%
]]>
</system-out>
</testcase>
</testsuite>
<testsuite name="text_input.spec.ts" timestamp="2024-11-10T20:57:39.376Z" hostname="Chromium" tests="1" failures="0" skipped="0" time="0.659" errors="0">
<testcase name="Text Input Functionality › should enable button after text input" classname="text_input.spec.ts" time="0.659">
</testcase>
</testsuite>
</testsuites>